<?xml version="1.0" encoding="UTF-8"?>
<!-- Generated by org.testng.reporters.JUnitReportReporter -->
<testsuite hostname="LAPTOP-5BS2B6EL" failures="0" tests="1" name="testCases.NewTest" time="26.353" errors="0" timestamp="2021-08-25T11:25:07 IST" skipped="0">
  <testcase classname="testCases.NewTest" name="f" time="26.353"/>
  <system-out/>
</testsuite> <!-- testCases.NewTest -->
