<?xml version="1.0" encoding="UTF-8"?>
<!-- Generated by org.testng.reporters.JUnitReportReporter -->
<testsuite hostname="LAPTOP-5BS2B6EL" failures="0" tests="1" name="testCases.TestCase2" time="0.000" errors="0" timestamp="2021-05-23T16:31:51 IST" skipped="1">
  <testcase classname="testCases.TestCase2" name="f" time="0.000">
    <skipped/>
  </testcase> <!-- f -->
  <system-out/>
</testsuite> <!-- testCases.TestCase2 -->
